info: Microsoft.EntityFrameworkCore.Infrastructure[10403]
      Entity Framework Core 2.1.1-rtm-30846 initialized 'NopObjectContext' using provider 'Microsoft.EntityFrameworkCore.SqlServer' with options: using lazy-loading proxies 
info: Microsoft.EntityFrameworkCore.Database.Command[20101]
      Executed DbCommand (343ms) [Parameters=[], CommandType='Text', CommandTimeout='30']
      SELECT [t].[Id], [t].[Enabled], [t].[LastEndUtc], [t].[LastStartUtc], [t].[LastSuccessUtc], [t].[Name], [t].[Seconds], [t].[StopOnError], [t].[Type]
      FROM [ScheduleTask] AS [t]
      WHERE [t].[Enabled] = 1
      ORDER BY [t].[Seconds] DESC
info: Microsoft.EntityFrameworkCore.Database.Command[20101]
      Executed DbCommand (221ms) [Parameters=[], CommandType='Text', CommandTimeout='30']
      SELECT [s].[Id], [s].[CompanyAddress], [s].[CompanyName], [s].[CompanyPhoneNumber], [s].[CompanyVat], [s].[DefaultLanguageId], [s].[DisplayOrder], [s].[Hosts], [s].[Name], [s].[SslEnabled], [s].[Url]
      FROM [Store] AS [s]
      ORDER BY [s].[DisplayOrder], [s].[Id]
info: Microsoft.EntityFrameworkCore.Database.Command[20101]
      Executed DbCommand (180ms) [Parameters=[], CommandType='Text', CommandTimeout='30']
      SELECT [s].[Id], [s].[Name], [s].[StoreId], [s].[Value]
      FROM [Setting] AS [s]
      ORDER BY [s].[Name], [s].[StoreId]
info: Microsoft.EntityFrameworkCore.Database.Command[20101]
      Executed DbCommand (472ms) [Parameters=[@p0='?' (DbType = DateTime2), @p1='?' (DbType = Int32), @p2='?' (Size = 4000), @p3='?' (Size = 200), @p4='?' (DbType = Int32), @p5='?' (Size = 4000), @p6='?' (Size = 4000), @p7='?' (Size = 4000)], CommandType='Text', CommandTimeout='30']
      SET NOCOUNT ON;
      INSERT INTO [Log] ([CreatedOnUtc], [CustomerId], [FullMessage], [IpAddress], [LogLevelId], [PageUrl], [ReferrerUrl], [ShortMessage])
      VALUES (@p0, @p1, @p2, @p3, @p4, @p5, @p6, @p7);
      SELECT [Id]
      FROM [Log]
      WHERE @@ROWCOUNT = 1 AND [Id] = scope_identity();
Hosting environment: Development
Content root path: C:\Quarter 8 Classes\nop-Commerce\nopCommerce_4.10_Source\Presentation\Nop.Web
Now listening on: http://127.0.0.1:2824
Application started. Press Ctrl+C to shut down.
info: Microsoft.AspNetCore.Hosting.Internal.WebHost[1]
      Request starting HTTP/1.1 GET http://localhost:15536/favicon.ico  
info: Microsoft.AspNetCore.StaticFiles.StaticFileMiddleware[2]
      Sending file. Request path: '/favicon.ico'. Physical path: 'C:\Quarter 8 Classes\nop-Commerce\nopCommerce_4.10_Source\Presentation\Nop.Web\wwwroot\favicon.ico'
info: Microsoft.AspNetCore.Hosting.Internal.WebHost[2]
      Request finished in 155.7657ms 200 image/x-icon
